<?xml version="1.0" encoding="UTF-8"?>
<!-- Generated by org.testng.reporters.JUnitXMLReporter -->
<testsuite ignored="0" hostname="LAPTOP-6BMK6KTM" failures="0" tests="6" name="Default test" time="14.035" errors="0" timestamp="2024-05-27T14:26:51 IST">
  <testcase classname="api.test.DataDrivenTests" name="testPostUser" time="4.062"/>
  <testcase classname="api.test.DataDrivenTests" name="testPostUser" time="1.793"/>
  <testcase classname="api.test.DataDrivenTests" name="testPostUser" time="1.734"/>
  <testcase classname="api.test.DataDrivenTests" name="testDeleteUserByName" time="1.773"/>
  <testcase classname="api.test.DataDrivenTests" name="testDeleteUserByName" time="1.638"/>
  <testcase classname="api.test.DataDrivenTests" name="testDeleteUserByName" time="1.636"/>
</testsuite> <!-- Default test -->
