<?xml version="1.0" encoding="UTF-8"?>
<testng-results ignored="0" total="4" passed="4" failed="0" skipped="0">
  <reporter-output>
  </reporter-output>
  <suite started-at="2024-05-28T11:35:15 IST" name="PetSuite" finished-at="2024-05-28T11:35:26 IST" duration-ms="10984">
    <groups>
    </groups>
    <test started-at="2024-05-28T11:35:15 IST" name="PetTests" finished-at="2024-05-28T11:35:26 IST" duration-ms="10984">
      <class name="api.test.UserTest2">
        <test-method is-config="true" signature="setUp()[pri:0, instance:api.test.UserTest2@20deea7f]" started-at="2024-05-28T11:35:15 IST" name="setUp" finished-at="2024-05-28T11:35:16 IST" duration-ms="887" status="PASS">
          <reporter-output>
          </reporter-output>
        </test-method> <!-- setUp -->
        <test-method signature="testPostUser()[pri:1, instance:api.test.UserTest2@20deea7f]" started-at="2024-05-28T11:35:16 IST" name="testPostUser" finished-at="2024-05-28T11:35:20 IST" duration-ms="3839" status="PASS">
          <reporter-output>
          </reporter-output>
        </test-method> <!-- testPostUser -->
        <test-method signature="testGetUserByName()[pri:2, instance:api.test.UserTest2@20deea7f]" started-at="2024-05-28T11:35:20 IST" name="testGetUserByName" finished-at="2024-05-28T11:35:22 IST" duration-ms="1683" status="PASS">
          <reporter-output>
          </reporter-output>
        </test-method> <!-- testGetUserByName -->
        <test-method signature="testUpdateUserByName()[pri:3, instance:api.test.UserTest2@20deea7f]" started-at="2024-05-28T11:35:22 IST" name="testUpdateUserByName" finished-at="2024-05-28T11:35:24 IST" duration-ms="2884" status="PASS">
          <reporter-output>
          </reporter-output>
        </test-method> <!-- testUpdateUserByName -->
        <test-method signature="deleteUserByName()[pri:4, instance:api.test.UserTest2@20deea7f]" started-at="2024-05-28T11:35:24 IST" name="deleteUserByName" finished-at="2024-05-28T11:35:26 IST" duration-ms="1358" status="PASS">
          <reporter-output>
          </reporter-output>
        </test-method> <!-- deleteUserByName -->
      </class> <!-- api.test.UserTest2 -->
    </test> <!-- PetTests -->
  </suite> <!-- PetSuite -->
</testng-results>
