<?xml version="1.0" encoding="UTF-8"?>
<testng-results ignored="0" total="4" passed="4" failed="0" skipped="0">
  <reporter-output>
  </reporter-output>
  <suite started-at="2024-05-28T10:46:32 IST" name="PetSuite" finished-at="2024-05-28T10:46:45 IST" duration-ms="12537">
    <groups>
    </groups>
    <test started-at="2024-05-28T10:46:32 IST" name="PetTests" finished-at="2024-05-28T10:46:45 IST" duration-ms="12537">
      <class name="api.test.UserTest2">
        <test-method is-config="true" signature="setUp()[pri:0, instance:api.test.UserTest2@6c1a5b54]" started-at="2024-05-28T10:46:32 IST" name="setUp" finished-at="2024-05-28T10:46:33 IST" duration-ms="916" status="PASS">
          <reporter-output>
          </reporter-output>
        </test-method> <!-- setUp -->
        <test-method signature="testPostUser()[pri:1, instance:api.test.UserTest2@6c1a5b54]" started-at="2024-05-28T10:46:33 IST" name="testPostUser" finished-at="2024-05-28T10:46:37 IST" duration-ms="3653" status="PASS">
          <reporter-output>
          </reporter-output>
        </test-method> <!-- testPostUser -->
        <test-method signature="testGetUserByName()[pri:2, instance:api.test.UserTest2@6c1a5b54]" started-at="2024-05-28T10:46:37 IST" name="testGetUserByName" finished-at="2024-05-28T10:46:39 IST" duration-ms="1640" status="PASS">
          <reporter-output>
          </reporter-output>
        </test-method> <!-- testGetUserByName -->
        <test-method signature="testUpdateUserByName()[pri:3, instance:api.test.UserTest2@6c1a5b54]" started-at="2024-05-28T10:46:39 IST" name="testUpdateUserByName" finished-at="2024-05-28T10:46:43 IST" duration-ms="4193" status="PASS">
          <reporter-output>
          </reporter-output>
        </test-method> <!-- testUpdateUserByName -->
        <test-method signature="deleteUserByName()[pri:4, instance:api.test.UserTest2@6c1a5b54]" started-at="2024-05-28T10:46:43 IST" name="deleteUserByName" finished-at="2024-05-28T10:46:45 IST" duration-ms="1737" status="PASS">
          <reporter-output>
          </reporter-output>
        </test-method> <!-- deleteUserByName -->
      </class> <!-- api.test.UserTest2 -->
    </test> <!-- PetTests -->
  </suite> <!-- PetSuite -->
</testng-results>
