<?xml version="1.0" encoding="UTF-8"?>
<!-- Generated by org.testng.reporters.JUnitXMLReporter -->
<testsuite ignored="0" hostname="LAPTOP-6BMK6KTM" failures="0" tests="4" name="PetTests" time="10.984" errors="0" timestamp="2024-05-28T11:35:26 IST">
  <testcase classname="api.test.UserTest2" name="testPostUser" time="3.839"/>
  <testcase classname="api.test.UserTest2" name="testGetUserByName" time="1.683"/>
  <testcase classname="api.test.UserTest2" name="testUpdateUserByName" time="2.884"/>
  <testcase classname="api.test.UserTest2" name="deleteUserByName" time="1.358"/>
</testsuite> <!-- PetTests -->
