<?xml version="1.0" encoding="UTF-8"?>
<!-- Generated by org.testng.reporters.JUnitXMLReporter -->
<testsuite ignored="0" hostname="LAPTOP-6BMK6KTM" failures="0" tests="4" name="PetTests" time="12.537" errors="0" timestamp="2024-05-28T10:46:45 IST">
  <testcase classname="api.test.UserTest2" name="testPostUser" time="3.653"/>
  <testcase classname="api.test.UserTest2" name="testGetUserByName" time="1.64"/>
  <testcase classname="api.test.UserTest2" name="testUpdateUserByName" time="4.193"/>
  <testcase classname="api.test.UserTest2" name="deleteUserByName" time="1.737"/>
</testsuite> <!-- PetTests -->
